Log file open, 11/14/16 15:00:58
LogInit:Display: Running engine for game: MyProject
LogPlatformFile: Not using cached read wrapper
LogInit:Display: RandInit(-109939286) SRandInit(-109939284).
LogTaskGraph: Started task graph with 4 named threads and 7 total threads with 1 sets of task threads.
LogStats: Stats thread started at 0.076661
OCULUS: Info: [CAPI] LibOVR module is located at C:\Program Files\Oculus\Support\oculus-runtime\LibOVRRT64_1.dll
OCULUS: Info: [HMDState] Requested to SetForegroundWindow(604f4ll)
OCULUS: Debug: Connected to the server running version (prod = 1).1.7.0(build = 262766) feature version = 0. Client runs version (prod = 1).1.7.0(build = 262766) feature version = 0
LogInit: Version: 4.12.5-3039270+++UE4+Release-4.12
LogInit: API Version: 2992821
LogInit: Net Version: 3039270
LogDevObjectVersion: Number of dev versions registered: 13
LogDevObjectVersion:   Dev-Blueprints (B0D832E4-1F89-4F0D-ACCF-7EB736FD4AA2): 3
LogDevObjectVersion:   Dev-Build (E1C64328-A22C-4D53-A36C-8E866417BD8C): 0
LogDevObjectVersion:   Dev-Core (375EC13C-06E4-48FB-B500-84F0262A717E): 1
LogDevObjectVersion:   Dev-Editor (E4B068ED-F494-42E9-A231-DA0B2E46BB41): 2
LogDevObjectVersion:   Dev-Framework (CFFC743F-43B0-4480-9391-14DF171D2073): 6
LogDevObjectVersion:   Dev-Mobile (B02B49B5-BB20-44E9-A304-32B752E40360): 0
LogDevObjectVersion:   Dev-Networking (A4E4105C-59A1-49B5-A7C5-40C4547EDFEE): 0
LogDevObjectVersion:   Dev-Online (39C831C9-5AE6-47DC-9A44-9C173E1C8E7C): 0
LogDevObjectVersion:   Dev-Physics (78F01B33-EBEA-4F98-B9B4-84EACCB95AA2): 0
LogDevObjectVersion:   Dev-Platform (6631380F-2D4D-43E0-8009-CF276956A95A): 0
LogDevObjectVersion:   Dev-Rendering (12F88B9F-8875-4AFC-A67C-D90C383ABD29): 2
LogDevObjectVersion:   Dev-Sequencer (7B5AE74C-D270-4C10-A958-57980B212A5A): 0
LogDevObjectVersion:   Dev-VR (D7296918-1DD6-4BDD-9DE2-64A83CC13884): 0
LogInit: Compiled (64-bit): Jul  6 2016 09:09:46
LogInit: Compiled with Visual C++: 19.00.23026.00
LogInit: Build Configuration: Development
LogInit: Branch Name: ++UE4+Release-4.12
LogInit: Command line: -EpicPortal 
LogInit: Base directory: C:/Program Files (x86)/Epic Games/4.12/Engine/Binaries/Win64/
LogInit: Installed Engine Build: 1
LogInit: Using libcurl 7.41.0
LogInit:  - built for x86_64-pc-win32
LogInit:  - supports SSL with WinSSL
LogInit:  - other features:
LogInit:      CURL_VERSION_SSL
LogInit:      CURL_VERSION_IPV6
LogInit:      CURL_VERSION_ASYNCHDNS
LogInit:      CURL_VERSION_LARGEFILE
LogInit:      CURL_VERSION_IDN
LogInit:  CurlRequestOptions (configurable via config and command line):
LogInit:  - bVerifyPeer = true  - Libcurl will verify peer certificate
LogInit:  - bUseHttpProxy = false  - Libcurl will NOT use HTTP proxy
LogInit:  - bDontReuseConnections = false  - Libcurl will reuse connections
LogInit:  - CertBundlePath = nullptr  - Libcurl will use whatever was configured at build time.
LogInit: Presizing for max 8388607 objects, including 0 objects not considered by GC, pre-allocating 0 bytes for permanent pool.
LogInit: Object subsystem initialized
[2016.11.14-20.00.58:882][  0]LogInit: Selected Device Profile: [Windows]
[2016.11.14-20.00.58:882][  0]LogInit: Applying CVar settings loaded from the selected device profile: [Windows]
[2016.11.14-20.00.58:896][  0]LogInit: Computer: IN-INFO-255-29
[2016.11.14-20.00.58:896][  0]LogInit: User: lrthayer
[2016.11.14-20.00.58:896][  0]LogInit: CPU Page size=65536, Cores=4
[2016.11.14-20.00.58:896][  0]LogInit: High frequency timer resolution =3.410070 MHz
[2016.11.14-20.00.58:896][  0]LogMemory: Memory total: Physical=31.9GB (32GB approx)
[2016.11.14-20.00.58:896][  0]LogMemory: Platform Memory Stats for Windows
[2016.11.14-20.00.58:896][  0]LogMemory: Process Physical Memory: 195.19 MB used, 195.19 MB peak
[2016.11.14-20.00.58:896][  0]LogMemory: Process Virtual Memory: 198.12 MB used, 198.12 MB peak
[2016.11.14-20.00.58:896][  0]LogMemory: Physical Memory: 7451.14 MB used, 32690.40 MB total
[2016.11.14-20.00.58:896][  0]LogMemory: Virtual Memory: 595.44 MB used, 134217728.00 MB total
[2016.11.14-20.00.58:927][  0]LogTextLocalizationManager: No specific translations for ('en-US') exist, so ('en') translations will be used.
[2016.11.14-20.00.59:268][  0]LogD3D11RHI: D3D11 adapters:
[2016.11.14-20.00.59:288][  0]LogD3D11RHI:    0. 'NVIDIA Quadro K2200' (Feature Level 11_0)
[2016.11.14-20.00.59:288][  0]LogD3D11RHI:       4034/0/16345 MB DedicatedVideo/DedicatedSystem/SharedSystem, Outputs:1, VendorId:0x10de
[2016.11.14-20.00.59:289][  0]LogD3D11RHI:    1. 'Microsoft Basic Render Driver' (Feature Level 11_0)
[2016.11.14-20.00.59:289][  0]LogD3D11RHI:       0/0/16345 MB DedicatedVideo/DedicatedSystem/SharedSystem, Outputs:0, VendorId:0x1414
[2016.11.14-20.00.59:289][  0]LogD3D11RHI: Chosen D3D11 Adapter: 0
[2016.11.14-20.00.59:293][  0]LogD3D11RHI: Creating new Direct3DDevice
[2016.11.14-20.00.59:293][  0]LogD3D11RHI:     GPU DeviceId: 0x13ba (for the marketing name, search the web for "GPU Device Id")
[2016.11.14-20.00.59:293][  0]LogWindows: EnumDisplayDevices:
[2016.11.14-20.00.59:293][  0]LogWindows:    0. 'NVIDIA Quadro K2200' (P:1 D:1)
[2016.11.14-20.00.59:293][  0]LogWindows:    1. 'NVIDIA Quadro K2200' (P:0 D:0)
[2016.11.14-20.00.59:294][  0]LogWindows:    2. 'NVIDIA Quadro K2200' (P:0 D:0)
[2016.11.14-20.00.59:294][  0]LogWindows:    3. 'NVIDIA Quadro K2200' (P:0 D:0)
[2016.11.14-20.00.59:294][  0]LogWindows: DebugString: FoundDriverCount:4 
[2016.11.14-20.00.59:294][  0]LogD3D11RHI:     Adapter Name: NVIDIA Quadro K2200
[2016.11.14-20.00.59:294][  0]LogD3D11RHI:   Driver Version: 361.91 (internal:10.18.13.6191, unified:361.91)
[2016.11.14-20.00.59:294][  0]LogD3D11RHI:      Driver Date: 2-8-2016
[2016.11.14-20.00.59:294][  0]LogRHI: Texture pool is 1361 MB (70% of 1945 MB)
[2016.11.14-20.00.59:306][  0]LogD3D11RHI: Async texture creation enabled
[2016.11.14-20.00.59:321][  0]LogD3D11RHI: GPU Timing Frequency: 1000.000000 (Debug: 2 2)
[2016.11.14-20.00.59:321][  0]LogShaderCompilers: Guid format shader working directory is -14 characters bigger than the processId version (../../../../../../Users/lrthayer/Downloads/FridgeFringeLincolns/Intermediate/Shaders/WorkingDirectory/8248/).
[2016.11.14-20.00.59:321][  0]LogShaderCompilers: Cleaned the shader compiler working directory 'C:/Users/lrthayer/AppData/Local/Temp/UnrealShaderWorkingDir/F2A98BA847CFFED0412B238706A10C33/'.
[2016.11.14-20.00.59:321][  0]LogShaderCompilers:Display: Using Local Shader Compiler.
[2016.11.14-20.01.00:188][  0]LogTemp:Display: Loaded TP AllDesktopTargetPlatform
[2016.11.14-20.01.00:196][  0]LogTemp:Display: Loaded TP WindowsClientTargetPlatform
[2016.11.14-20.01.00:204][  0]LogTemp:Display: Loaded TP WindowsNoEditorTargetPlatform
[2016.11.14-20.01.00:213][  0]LogTemp:Display: Loaded TP WindowsServerTargetPlatform
[2016.11.14-20.01.00:221][  0]LogTemp:Display: Loaded TP WindowsTargetPlatform
[2016.11.14-20.01.00:228][  0]LogTemp:Display: Loaded TP AndroidTargetPlatform
[2016.11.14-20.01.00:235][  0]LogTemp:Display: Loaded TP Android_ASTCTargetPlatform
[2016.11.14-20.01.00:242][  0]LogTemp:Display: Loaded TP Android_ATCTargetPlatform
[2016.11.14-20.01.00:249][  0]LogTemp:Display: Loaded TP Android_DXTTargetPlatform
[2016.11.14-20.01.00:256][  0]LogTemp:Display: Loaded TP Android_ETC1TargetPlatform
[2016.11.14-20.01.00:263][  0]LogTemp:Display: Loaded TP Android_ETC2TargetPlatform
[2016.11.14-20.01.00:277][  0]LogTemp:Display: Loaded TP Android_MultiTargetPlatform
[2016.11.14-20.01.00:277][  0]LogTemp:Display: Loaded TP Android_PVRTCTargetPlatform
[2016.11.14-20.01.00:278][  0]LogTemp:Display: Loaded TP HTML5TargetPlatform
[2016.11.14-20.01.00:299][  0]LogTemp:Display: Loaded TP IOSTargetPlatform
[2016.11.14-20.01.00:306][  0]LogTemp:Display: Loaded TP TVOSTargetPlatform
[2016.11.14-20.01.00:313][  0]LogTemp:Display: Loaded TP LinuxNoEditorTargetPlatform
[2016.11.14-20.01.00:320][  0]LogTemp:Display: Loaded TP LinuxServerTargetPlatform
[2016.11.14-20.01.00:327][  0]LogTemp:Display: Loaded TP LinuxTargetPlatform
[2016.11.14-20.01.00:327][  0]LogTargetPlatformManager:Display: Building Assets For Windows
[2016.11.14-20.01.00:393][  0]LogDerivedDataCache:Display: Max Cache Size: 512 MB
[2016.11.14-20.01.00:440][  0]LogDerivedDataCache: Loaded boot cache 0.05s 49MB C:/Users/lrthayer/AppData/Local/UnrealEngine/4.12/DerivedDataCache/Boot.ddc.
[2016.11.14-20.01.00:440][  0]LogDerivedDataCache:Display: Loaded Boot cache: C:/Users/lrthayer/AppData/Local/UnrealEngine/4.12/DerivedDataCache/Boot.ddc
[2016.11.14-20.01.00:440][  0]LogDerivedDataCache: FDerivedDataBackendGraph:  Pak pak cache file ../../../../../../Users/lrthayer/Downloads/FridgeFringeLincolns/DerivedDataCache/DDC.ddp not found, will not use a pak cache.
[2016.11.14-20.01.00:440][  0]LogDerivedDataCache: Unable to find inner node Pak for hierarchical cache Hierarchy.
[2016.11.14-20.01.00:440][  0]LogDerivedDataCache: FDerivedDataBackendGraph:  CompressedPak pak cache file ../../../../../../Users/lrthayer/Downloads/FridgeFringeLincolns/DerivedDataCache/Compressed.ddp not found, will not use a pak cache.
[2016.11.14-20.01.00:440][  0]LogDerivedDataCache: Unable to find inner node CompressedPak for hierarchical cache Hierarchy.
[2016.11.14-20.01.00:455][  0]LogDerivedDataCache:Display: Pak cache opened for reading ../../../Engine/DerivedDataCache/Compressed.ddp.
[2016.11.14-20.01.00:467][  0]LogDerivedDataCache: Using Local data cache path C:/Users/lrthayer/AppData/Local/UnrealEngine/Common/DerivedDataCache: Writable
[2016.11.14-20.01.00:620][  0]LogInit: Selected Device Profile: [Windows]
[2016.11.14-20.01.00:621][  0]LogContentStreaming: Texture pool size is 0.00 MB
[2016.11.14-20.01.00:757][  0]LogMeshUtilities: No automatic mesh reduction module available
[2016.11.14-20.01.00:757][  0]LogMeshUtilities: No automatic mesh merging module available
[2016.11.14-20.01.00:757][  0]LogMeshUtilities: No distributed automatic mesh merging module available
[2016.11.14-20.01.00:969][  0]LogAssetRegistry: FAssetRegistry took 0.0212 seconds to start up
[2016.11.14-20.01.01:005][  0]LogPackageLocalizationCache: Processed 4 localized package path(s) for 2 prioritized culture(s) in 0.031681 seconds
[2016.11.14-20.01.01:010][  0]LogUObjectArray: 28739 objects as part of root set at end of initial load.
[2016.11.14-20.01.01:010][  0]LogUObjectAllocator: 5855632 out of 0 bytes used by permanent object pool.
[2016.11.14-20.01.01:010][  0]LogUObjectArray: CloseDisregardForGC: 0/0 objects in disregard for GC pool
[2016.11.14-20.01.01:016][  0]LogInit: WinSock: version 1.1 (2.2), MaxSocks=32767, MaxUdp=65467
[2016.11.14-20.01.01:160][  0]LogSlate: SlateFontCache - WITH_FREETYPE: 1, WITH_HARFBUZZ: 1
[2016.11.14-20.01.01:160][  0]LogSlate: SlateFontCache - WITH_FREETYPE: 1, WITH_HARFBUZZ: 1
[2016.11.14-20.01.01:858][  0]LogUdpMessaging: Initializing bridge on interface 0.0.0.0:0 to multicast group 230.0.0.1:6666.
[2016.11.14-20.01.02:061][  0]SourceControl: Info Source control is disabled
[2016.11.14-20.01.02:062][  0]SourceControl: Info Source control is disabled
[2016.11.14-20.01.02:070][  0]SourceControl: Info Source control is disabled
[2016.11.14-20.01.02:079][  0]SourceControl: Info Source control is disabled
[2016.11.14-20.01.02:310][  0]LogEngine: Initializing Engine...
[2016.11.14-20.01.02:311][  0]LogHMD: SteamVR failed to initialize.  Err: 110
[2016.11.14-20.01.02:312][  0]LogHMD: SteamVR failed to initialize.  Err: 110
[2016.11.14-20.01.02:312][  0]LogHMD: Oculus plugin initialized. Version: 4.12.5-3039270+++UE4+Release-4.12, LibOVR: 1.7.0, SDK: 1.3.2, built Jul  6 2016, 09:11:15
[2016.11.14-20.01.02:432][  0]LogAIModule: Creating AISystem for world NewWorld
[2016.11.14-20.01.02:436][  0]LogInit: XAudio2 using 'Speakers / Headphones (Realtek High Definition Audio)' : 2 channels at 48 kHz using 32 bits per sample (channel mask 0x3)
[2016.11.14-20.01.02:447][  0]LogInit: FAudioDevice initialized.
[2016.11.14-20.01.02:468][  0]LogDerivedDataCache: Saved boot cache 0.02s 49MB C:/Users/lrthayer/AppData/Local/UnrealEngine/4.12/DerivedDataCache/Boot.ddc.
[2016.11.14-20.01.02:475][  0]LogInit: Texture streaming: Enabled
[2016.11.14-20.01.02:497][  0]LogInit: Transaction tracking system initialized
[2016.11.14-20.01.02:516][  0]BlueprintLog: New page: Editor Load
[2016.11.14-20.01.02:628][  0]LocalizationService: Info Localization service is disabled
[2016.11.14-20.01.02:685][  0]LogConsoleResponse:Display: 
[2016.11.14-20.01.02:774][  0]LogCook:Display: Max memory allowance for cook 8192mb
[2016.11.14-20.01.02:774][  0]LogCook:Display: Mobile HDR setting 1
[2016.11.14-20.01.02:861][  0]LogFileCache: Scanning file cache for directory 'C:/Users/lrthayer/Downloads/FridgeFringeLincolns/Content/' took 0.01s
[2016.11.14-20.01.02:861][  0]SourceControl: Info Source control is disabled
[2016.11.14-20.01.02:862][  0]Cmd: MAP LOAD FILE="../../../../../../Users/lrthayer/Downloads/FridgeFringeLincolns/Content/FlyingBP/Maps/FlyingExampleMap.umap" TEMPLATE=0 SHOWPROGRESS=1 FEATURELEVEL=3
[2016.11.14-20.01.02:862][  0]LightingResults: New page: Lighting Build
[2016.11.14-20.01.02:865][  0]MapCheck: New page: Map Check
[2016.11.14-20.01.02:865][  0]LightingResults: New page: Lighting Build
[2016.11.14-20.01.03:100][  0]LogTexture:Display: Building textures: HQ_Lightmap0_1 (AutoDXT)
[2016.11.14-20.01.03:105][  0]LogTexture:Display: Building textures: HQ_Lightmap0_2 (AutoDXT)
[2016.11.14-20.01.03:203][  0]LogAIModule: Creating AISystem for world FlyingExampleMap
[2016.11.14-20.01.03:215][  0]LogEditorServer: Finished looking for orphan Actors (0.000 secs)
[2016.11.14-20.01.03:215][  0]Cmd: MAP CHECKDEP NOCLEARLOG
[2016.11.14-20.01.03:261][  0]MapCheck: Info Map check complete: 0 Error(s), 0 Warning(s), took 45.891ms to complete.
[2016.11.14-20.01.03:261][  0]LogFileHelpers: Loading map 'FlyingExampleMap' took 0.400
[2016.11.14-20.01.03:386][  0]LogCollectionManager: Loaded 0 collections in 0.001667 seconds
[2016.11.14-20.01.03:423][  0]LogFileCache: Scanning file cache for directory 'C:/Users/lrthayer/Downloads/FridgeFringeLincolns/Saved/Collections/' took 0.01s
[2016.11.14-20.01.03:423][  0]LogFileCache: Scanning file cache for directory 'C:/Users/lrthayer/Downloads/FridgeFringeLincolns/Content/Developers/lrthayer/Collections/' took 0.01s
[2016.11.14-20.01.03:423][  0]LogFileCache: Scanning file cache for directory 'C:/Users/lrthayer/Downloads/FridgeFringeLincolns/Content/Collections/' took 0.01s
[2016.11.14-20.01.03:423][  0]LogCollectionManager: Rebuilt the GUID cache for 0 collections in 0.000002 seconds
[2016.11.14-20.01.03:431][  0]LogContentBrowser: Native class hierarchy populated in 0.0074 seconds. Added 2144 classes and 407 folders.
[2016.11.14-20.01.03:434][  0]LogStats: UGameplayTagsManager::ConstructGameplayTagTree: Construct from data asset -  0.000 s
[2016.11.14-20.01.03:434][  0]LogStats: UGameplayTagsManager::ConstructGameplayTagTree: GameplayTagTreeChangedEvent.Broadcast -  0.000 s
[2016.11.14-20.01.03:435][  0]LogContentBrowser: Native class hierarchy updated for 'GameplayTags' in 0.0005 seconds. Added 12 classes and 0 folders.
[2016.11.14-20.01.03:439][  0]LogContentBrowser: Native class hierarchy updated for 'WidgetCarousel' in 0.0004 seconds. Added 0 classes and 0 folders.
[2016.11.14-20.01.03:481][  0]LogContentBrowser: Native class hierarchy updated for 'AddContentDialog' in 0.0005 seconds. Added 0 classes and 0 folders.
[2016.11.14-20.01.03:485][  0]LogContentBrowser: Native class hierarchy updated for 'SceneOutliner' in 0.0004 seconds. Added 1 classes and 2 folders.
[2016.11.14-20.01.03:497][  0]LogCrashTracker: Crashtracker disabled due to settings.
[2016.11.14-20.01.03:502][  0]LogUObjectGlobals:Warning: Failed to find object 'Class None.'
[2016.11.14-20.01.03:527][  0]LogContentBrowser: Native class hierarchy updated for 'HierarchicalLODOutliner' in 0.0005 seconds. Added 1 classes and 2 folders.
[2016.11.14-20.01.03:527][  0]LogLoad: Full Startup: 5.87 seconds (BP compile: 0.09 seconds)
[2016.11.14-20.01.03:528][  0]LogExternalProfiler: Found external profiler: VSPerf
[2016.11.14-20.01.03:528][  0]LogExternalProfiler: Using external profiler: VSPerf
[2016.11.14-20.01.03:537][  0]LogWindowsTextInputMethodSystem:Display: IME system now deactivated.
[2016.11.14-20.01.03:537][  0]LogWindowsTextInputMethodSystem:Display: IME system now deactivated.
[2016.11.14-20.01.03:539][  0]LogOcInput: OculusInput pre-init called
[2016.11.14-20.01.03:548][  0]LogOcInput: OculusInput is initialized. Init status 0. Runtime version: 1.7.0
[2016.11.14-20.01.03:567][  0]LogContentStreaming: Texture pool size now 700 MB
[2016.11.14-20.01.03:697][  0]LogRenderer: Reallocating scene render targets to support 1208x592 (Frame:2).
[2016.11.14-20.01.03:864][  1]LogAssetRegistry: Asset discovery search completed in 2.9162 seconds
[2016.11.14-20.01.03:865][  1]LogCollectionManager: Rebuilt the object cache for 0 collections in 0.000001 seconds (found 0 objects)
[2016.11.14-20.01.03:865][  1]LogCollectionManager: Fixed up redirectors for 0 collections in 0.000018 seconds (updated 0 objects)
[2016.11.14-20.01.04:794][ 94]OCULUS: Info: [HMDState] Requested to SetForegroundWindow(604f4ll)
[2016.11.14-20.01.12:048][184]Cmd: EDIT PASTE
[2016.11.14-20.01.12:202][184]LogPhysics:Warning: PHYSX: (..\..\PhysXCooking\src\convex\ConvexHullBuilder.cpp 1479) eINTERNAL_ERROR : ConvexHullBuilder: convex hull has more than 255 polygons!
[2016.11.14-20.01.12:202][184]LogPhysics:Warning: PHYSX: (..\..\PhysXCooking\src\convex\ConvexMeshBuilder.cpp 253) eINTERNAL_ERROR : Gu::ConvexMesh::loadConvexHull: convex hull init failed! Try to use the PxConvexFlag::eINFLATE_CONVEX flag. (see PxToolkit::createConvexMeshSafe)
[2016.11.14-20.01.12:202][184]LogPhysics:Warning: Cooking failed, possibly due to verts too close together. Trying again with inflation.
[2016.11.14-20.01.14:324][415]LogBlueprintUserMessages: Early PlayInEditor Detection: Level '/Game/FlyingBP/Maps/FlyingExampleMap.FlyingExampleMap:PersistentLevel' has LevelScriptBlueprint '/Game/FlyingBP/Maps/FlyingExampleMap.FlyingExampleMap:PersistentLevel.FlyingExampleMap' with GeneratedClass '/Game/FlyingBP/Maps/FlyingExampleMap.FlyingExampleMap_C' with ClassGeneratedBy '/Game/FlyingBP/Maps/FlyingExampleMap.FlyingExampleMap:PersistentLevel.FlyingExampleMap'
[2016.11.14-20.01.14:324][415]LogPlayLevel: PlayLevel: No blueprints needed recompiling
[2016.11.14-20.01.14:324][415]LogApp: UseVRFocus has changed to 1
[2016.11.14-20.01.14:324][415]LogApp: HasVRFocus has changed to 1
[2016.11.14-20.01.14:324][415]LogApp: UseVRFocus has changed to 0
[2016.11.14-20.01.14:324][415]LogApp: HasVRFocus has changed to 0
[2016.11.14-20.01.14:325][415]PIE: New page: PIE session: FlyingExampleMap (Nov 14, 2016, 10:01:14 AM)
[2016.11.14-20.01.14:325][415]LogPlayLevel: Creating play world package: /Game/FlyingBP/Maps/UEDPIE_0_FlyingExampleMap
[2016.11.14-20.01.14:340][415]LogPlayLevel: PIE: StaticDuplicateObject took: (0.014811s)
[2016.11.14-20.01.14:340][415]LogAIModule: Creating AISystem for world FlyingExampleMap
[2016.11.14-20.01.14:340][415]LogPlayLevel: PIE: World Init took: (0.000521s)
[2016.11.14-20.01.14:341][415]LogPlayLevel: PIE: Created PIE world by copying editor world from /Game/FlyingBP/Maps/FlyingExampleMap.FlyingExampleMap to /Game/FlyingBP/Maps/UEDPIE_0_FlyingExampleMap.FlyingExampleMap (0.015564s)
[2016.11.14-20.01.14:352][415]LogApp: UseVRFocus has changed to 1
[2016.11.14-20.01.14:352][415]LogApp: HasVRFocus has changed to 1
[2016.11.14-20.01.14:352][415]LogApp: UseVRFocus has changed to 0
[2016.11.14-20.01.14:352][415]LogApp: HasVRFocus has changed to 0
[2016.11.14-20.01.14:353][415]LogInit: XAudio2 using 'Speakers / Headphones (Realtek High Definition Audio)' : 2 channels at 48 kHz using 32 bits per sample (channel mask 0x3)
[2016.11.14-20.01.14:362][415]LogInit: FAudioDevice initialized.
[2016.11.14-20.01.14:424][415]LogWorld: Game class is 'FlyingGameMode_C'
[2016.11.14-20.01.14:433][415]LogWorld: Bringing World /Game/FlyingBP/Maps/UEDPIE_0_FlyingExampleMap.FlyingExampleMap up for play (max tick rate 0) at 2016.11.14-15.01.14
[2016.11.14-20.01.14:434][415]LogWorld: Bringing up level for play took: 0.008484
[2016.11.14-20.01.14:437][415]LogContentBrowser: Native class hierarchy updated for 'MovieSceneCapture' in 0.0005 seconds. Added 11 classes and 0 folders.
[2016.11.14-20.01.14:438][415]PIE: Info Play in editor start time for /Game/FlyingBP/Maps/UEDPIE_0_FlyingExampleMap 1.112
[2016.11.14-20.01.14:438][415]LogBlueprintUserMessages: Late PlayInEditor Detection: Level '/Game/FlyingBP/Maps/FlyingExampleMap.FlyingExampleMap:PersistentLevel' has LevelScriptBlueprint '/Game/FlyingBP/Maps/FlyingExampleMap.FlyingExampleMap:PersistentLevel.FlyingExampleMap' with GeneratedClass '/Game/FlyingBP/Maps/FlyingExampleMap.FlyingExampleMap_C' with ClassGeneratedBy '/Game/FlyingBP/Maps/FlyingExampleMap.FlyingExampleMap:PersistentLevel.FlyingExampleMap'
[2016.11.14-20.01.21:109][208]LogBlueprintUserMessages: Early EndPlayMap Detection: Level '/Game/FlyingBP/Maps/FlyingExampleMap.FlyingExampleMap:PersistentLevel' has LevelScriptBlueprint '/Game/FlyingBP/Maps/FlyingExampleMap.FlyingExampleMap:PersistentLevel.FlyingExampleMap' with GeneratedClass '/Game/FlyingBP/Maps/FlyingExampleMap.FlyingExampleMap_C' with ClassGeneratedBy '/Game/FlyingBP/Maps/FlyingExampleMap.FlyingExampleMap:PersistentLevel.FlyingExampleMap'
[2016.11.14-20.01.21:150][208]LogBlueprintUserMessages: Late EndPlayMap Detection: Level '/Game/FlyingBP/Maps/FlyingExampleMap.FlyingExampleMap:PersistentLevel' has LevelScriptBlueprint '/Game/FlyingBP/Maps/FlyingExampleMap.FlyingExampleMap:PersistentLevel.FlyingExampleMap' with GeneratedClass '/Game/FlyingBP/Maps/FlyingExampleMap.FlyingExampleMap_C' with ClassGeneratedBy '/Game/FlyingBP/Maps/FlyingExampleMap.FlyingExampleMap:PersistentLevel.FlyingExampleMap'
[2016.11.14-20.01.25:653][743]MapCheck: New page: Map Check
[2016.11.14-20.01.25:668][743]LightingResults: New page: Lighting Build - Nov 14, 2016, 10:01:25 AM
[2016.11.14-20.01.25:701][743]LogSwarmInterface: [OpenConnection] Registering TCP channel ...
[2016.11.14-20.01.25:737][743]LogSwarmInterface: [OpenConnection] Connecting to agent ...
[2016.11.14-20.01.25:745][743]LogSwarmInterface: [TryOpenConnection] Testing the Agent
[2016.11.14-20.01.26:253][743]LogSwarmInterface: [TryOpenConnection] Opening Connection to Agent
[2016.11.14-20.01.26:253][743]LogSwarmInterface: [TryOpenConnection] Local Process ID is 8248
[2016.11.14-20.01.28:426][743]LogStaticLightingSystem: Running Lightmass w/ ImmediateImport mode ENABLED
[2016.11.14-20.01.28:426][743]LogStaticLightingSystem: Running Lightmass w/ ImmediateProcess mode ENABLED
[2016.11.14-20.01.28:426][743]LogStaticLightingSystem: Running Lightmass w/ Sorting mode ENABLED
[2016.11.14-20.01.28:426][743]LogStaticLightingSystem: Running Lightmass w/ Mapping paddings ENABLED
[2016.11.14-20.01.28:426][743]LogStaticLightingSystem: Running Lightmass w/ Mapping debug paddings DISABLED
[2016.11.14-20.01.28:567][743]LogEditorBuildUtils: Build time 0:02
[2016.11.14-20.01.30:260][878]LightingResults:Warning: Warning spaceship Object has overlapping UVs.
[2016.11.14-20.01.30:260][878]LightingResults: Info spaceship Lightmap UV are overlapping by 4.3%. Please adjust content - Enable Error Coloring to visualize.
[2016.11.14-20.01.31:586][ 17]Job is a success!
[2016.11.14-20.01.31:766][ 18]LogTexture:Display: Building textures: HQ_Lightmap0_1 (AutoDXT)
[2016.11.14-20.01.31:766][ 18]LogTexture:Display: Building textures: HQ_Lightmap0_2 (AutoDXT)
[2016.11.14-20.01.31:766][ 18]LogTexture:Display: Building textures: SkyOcclusion1_1 (AutoDXT)
[2016.11.14-20.01.31:766][ 18]LogTexture:Display: Building textures: LQ_Lightmap_1_1 (DXT1)
[2016.11.14-20.01.31:766][ 18]LogTexture:Display: Building textures: SkyOcclusion1_2 (AutoDXT)
[2016.11.14-20.01.31:766][ 18]LogTexture:Display: Building textures: LQ_Lightmap_1_2 (DXT1)
[2016.11.14-20.01.31:766][ 18]LogTexture:Display: Building textures: ShadowMapTexture2D_2 (BGRA8)
[2016.11.14-20.01.31:766][ 18]LogTexture:Display: Building textures: ShadowMapTexture2D_3 (BGRA8)
[2016.11.14-20.01.31:790][ 18]Lightmass on IN-INFO-255-29: 2.70 sec total, 207 ms importing, 82 ms setup, 402 ms photons, 1.99 sec processing, 0 ms extra exporting [6/6 mappings]. Threads: 13.8 sec total, 4.22 sec processing.
[2016.11.14-20.01.31:818][ 18]LogStaticLightingSystem: Illumination: 6.12 sec (82 ms encoding lightmaps, 23 ms encoding shadowmaps)
[2016.11.14-20.01.31:818][ 18]LogStaticLightingSystem: Lightmap texture memory:  0.3 MB (0.3 MB streaming, 0.0 MB non-streaming), 4 textures
[2016.11.14-20.01.31:818][ 18]LogStaticLightingSystem: Shadowmap texture memory: 0.3 MB (0.3 MB streaming, 0.0 MB non-streaming), 2 textures
[2016.11.14-20.01.32:442][ 19]Cmd: MAP CHECK NOTIFYRESULTS
[2016.11.14-20.01.32:442][ 19]MapCheck: New page: FlyingExampleMap - Nov 14, 2016, 10:01:32 AM
[2016.11.14-20.01.32:443][ 19]MapCheck:Error: Error SkyLight_1 Multiple sky lights are active, only one can be enabled per world. 
[2016.11.14-20.01.32:443][ 19]MapCheck:Error: Error SkyLight2 Multiple sky lights are active, only one can be enabled per world. 
[2016.11.14-20.01.32:490][ 19]MapCheck: Info Map check complete: 2 Error(s), 0 Warning(s), took 47.796ms to complete.
[2016.11.14-20.01.50:351][ 10]OCULUS: Info: [HMDState] Requested to SetForegroundWindow(702dall)
[2016.11.14-20.03.06:243][184]LogBlueprintUserMessages: Early PlayInEditor Detection: Level '/Game/FlyingBP/Maps/FlyingExampleMap.FlyingExampleMap:PersistentLevel' has LevelScriptBlueprint '/Game/FlyingBP/Maps/FlyingExampleMap.FlyingExampleMap:PersistentLevel.FlyingExampleMap' with GeneratedClass '/Game/FlyingBP/Maps/FlyingExampleMap.FlyingExampleMap_C' with ClassGeneratedBy '/Game/FlyingBP/Maps/FlyingExampleMap.FlyingExampleMap:PersistentLevel.FlyingExampleMap'
[2016.11.14-20.03.06:243][184]LogPlayLevel: PlayLevel: No blueprints needed recompiling
[2016.11.14-20.03.06:243][184]LogApp: UseVRFocus has changed to 1
[2016.11.14-20.03.06:243][184]LogApp: HasVRFocus has changed to 1
[2016.11.14-20.03.06:243][184]LogApp: UseVRFocus has changed to 0
[2016.11.14-20.03.06:243][184]LogApp: HasVRFocus has changed to 0
[2016.11.14-20.03.06:244][184]PIE: New page: PIE session: FlyingExampleMap (Nov 14, 2016, 10:03:06 AM)
[2016.11.14-20.03.06:244][184]LogPlayLevel: Creating play world package: /Game/FlyingBP/Maps/UEDPIE_0_FlyingExampleMap
[2016.11.14-20.03.06:256][184]LogPlayLevel: PIE: StaticDuplicateObject took: (0.011812s)
[2016.11.14-20.03.06:256][184]LogAIModule: Creating AISystem for world FlyingExampleMap
[2016.11.14-20.03.06:256][184]LogPlayLevel: PIE: World Init took: (0.000606s)
[2016.11.14-20.03.06:256][184]LogPlayLevel: PIE: Created PIE world by copying editor world from /Game/FlyingBP/Maps/FlyingExampleMap.FlyingExampleMap to /Game/FlyingBP/Maps/UEDPIE_0_FlyingExampleMap.FlyingExampleMap (0.012631s)
[2016.11.14-20.03.06:265][184]LogApp: UseVRFocus has changed to 1
[2016.11.14-20.03.06:265][184]LogApp: HasVRFocus has changed to 1
[2016.11.14-20.03.06:265][184]LogApp: UseVRFocus has changed to 0
[2016.11.14-20.03.06:266][184]LogApp: HasVRFocus has changed to 0
[2016.11.14-20.03.06:267][184]LogInit: XAudio2 using 'Speakers / Headphones (Realtek High Definition Audio)' : 2 channels at 48 kHz using 32 bits per sample (channel mask 0x3)
[2016.11.14-20.03.06:277][184]LogInit: FAudioDevice initialized.
[2016.11.14-20.03.06:328][184]LogWorld: Game class is 'FlyingGameMode_C'
[2016.11.14-20.03.06:338][184]LogWorld: Bringing World /Game/FlyingBP/Maps/UEDPIE_0_FlyingExampleMap.FlyingExampleMap up for play (max tick rate 0) at 2016.11.14-15.03.06
[2016.11.14-20.03.06:338][184]LogWorld: Bringing up level for play took: 0.009052
[2016.11.14-20.03.06:340][184]PIE: Info Play in editor start time for /Game/FlyingBP/Maps/UEDPIE_0_FlyingExampleMap 1.014
[2016.11.14-20.03.06:340][184]LogBlueprintUserMessages: Late PlayInEditor Detection: Level '/Game/FlyingBP/Maps/FlyingExampleMap.FlyingExampleMap:PersistentLevel' has LevelScriptBlueprint '/Game/FlyingBP/Maps/FlyingExampleMap.FlyingExampleMap:PersistentLevel.FlyingExampleMap' with GeneratedClass '/Game/FlyingBP/Maps/FlyingExampleMap.FlyingExampleMap_C' with ClassGeneratedBy '/Game/FlyingBP/Maps/FlyingExampleMap.FlyingExampleMap:PersistentLevel.FlyingExampleMap'
[2016.11.14-20.03.36:499][771]LogBlueprintUserMessages: Early EndPlayMap Detection: Level '/Game/FlyingBP/Maps/FlyingExampleMap.FlyingExampleMap:PersistentLevel' has LevelScriptBlueprint '/Game/FlyingBP/Maps/FlyingExampleMap.FlyingExampleMap:PersistentLevel.FlyingExampleMap' with GeneratedClass '/Game/FlyingBP/Maps/FlyingExampleMap.FlyingExampleMap_C' with ClassGeneratedBy '/Game/FlyingBP/Maps/FlyingExampleMap.FlyingExampleMap:PersistentLevel.FlyingExampleMap'
[2016.11.14-20.03.36:534][771]LogBlueprintUserMessages: Late EndPlayMap Detection: Level '/Game/FlyingBP/Maps/FlyingExampleMap.FlyingExampleMap:PersistentLevel' has LevelScriptBlueprint '/Game/FlyingBP/Maps/FlyingExampleMap.FlyingExampleMap:PersistentLevel.FlyingExampleMap' with GeneratedClass '/Game/FlyingBP/Maps/FlyingExampleMap.FlyingExampleMap_C' with ClassGeneratedBy '/Game/FlyingBP/Maps/FlyingExampleMap.FlyingExampleMap:PersistentLevel.FlyingExampleMap'
[2016.11.14-20.04.24:384][ 20]OCULUS: Info: [HMDState] Requested to SetForegroundWindow(702dall)
[2016.11.14-20.04.52:027][260]OCULUS: Info: [HMDState] Requested to SetForegroundWindow(70252ll)
[2016.11.14-20.04.58:081][428]OCULUS: Info: [HMDState] Requested to SetForegroundWindow(702dall)
[2016.11.14-20.05.56:366][854]OCULUS: Info: [HMDState] Requested to SetForegroundWindow(702dall)
[2016.11.14-20.07.40:473][994]OCULUS: Info: [HMDState] Requested to SetForegroundWindow(702dall)
[2016.11.14-20.08.06:315][726]OCULUS: Info: [HMDState] Requested to SetForegroundWindow(702dall)
[2016.11.14-20.08.08:526][874]OCULUS: Info: [HMDState] Requested to SetForegroundWindow(702dall)
[2016.11.14-20.09.28:339][298]LogGameProjectGeneration:Verbose: 'C:/Program Files (x86)/Epic Games/4.12/Templates/TP_ThirdPersonBP/Media/TP_ThirdPersonBP.png': Skipping as it is in an ignored folder 'Media'
[2016.11.14-20.09.28:339][298]LogGameProjectGeneration:Verbose: 'C:/Program Files (x86)/Epic Games/4.12/Templates/TP_ThirdPersonBP/Media/TP_ThirdPersonBP_Preview.png': Skipping as it is in an ignored folder 'Media'
[2016.11.14-20.09.28:810][299]Cmd: CLOSE_SLATE_MAINFRAME
[2016.11.14-20.09.53:211][299]LogSavePackage: Save=177.56ms
[2016.11.14-20.09.53:211][299]LogSavePackage: Moving '../../../../../../Users/lrthayer/Downloads/FridgeFringeLincolns/Saved/FlyingExampleMap85A269E840E8750D78BDC4A827396335.tmp' to '../../../../../../Users/lrthayer/Downloads/FridgeFringeLincolns/Content/FlyingBP/Maps/FlyingExampleMap.umap'
[2016.11.14-20.09.53:216][299]LogSavePackage:Display: Finished SavePackage ../../../../../../Users/lrthayer/Downloads/FridgeFringeLincolns/Content/FlyingBP/Maps/FlyingExampleMap.umap
[2016.11.14-20.09.53:246][299]LogFileHelpers: Saving map 'FlyingExampleMap' took 0.391
[2016.11.14-20.09.53:473][300]Cmd: QUIT_EDITOR
[2016.11.14-20.09.53:650][300]LogWindowsTextInputMethodSystem:Display: IME system now deactivated.
[2016.11.14-20.09.53:650][300]LogWindowsTextInputMethodSystem:Display: IME system now deactivated.
[2016.11.14-20.09.53:674][300]LogExit: Preparing to exit.
[2016.11.14-20.09.54:102][300]LogExit: Editor shut down
[2016.11.14-20.09.54:102][300]LogExit: Transaction tracking system shut down
[2016.11.14-20.09.54:197][300]LogObj: Freed 0b from 0 cluster array pools.
[2016.11.14-20.09.54:197][300]LogExit: Object subsystem successfully closed.
[2016.11.14-20.09.54:215][300]LogD3D11RHI: Shutdown
[2016.11.14-20.09.54:215][300]LogD3D11RHI: CleanupD3DDevice
[2016.11.14-20.09.54:259][300]LogD3D11RHI: ~FD3D11DynamicRHI
[2016.11.14-20.09.54:272][300]LogModuleManager: Shutting down and abandoning module MovieSceneCapture (216)
[2016.11.14-20.09.54:272][300]LogModuleManager: Shutting down and abandoning module HierarchicalLODOutliner (215)
[2016.11.14-20.09.54:272][300]LogModuleManager: Shutting down and abandoning module CrashTracker (214)
[2016.11.14-20.09.54:272][300]LogModuleManager: Shutting down and abandoning module SceneOutliner (213)
[2016.11.14-20.09.54:272][300]LogModuleManager: Shutting down and abandoning module WidgetCarousel (212)
[2016.11.14-20.09.54:272][300]LogModuleManager: Shutting down and abandoning module AddContentDialog (211)
[2016.11.14-20.09.54:275][300]LogModuleManager: Shutting down and abandoning module GameplayTags (210)
[2016.11.14-20.09.54:275][300]LogModuleManager: Shutting down and abandoning module EditorWidgets (209)
[2016.11.14-20.09.54:275][300]LogModuleManager: Shutting down and abandoning module CollectionManager (208)
[2016.11.14-20.09.54:275][300]LogModuleManager: Shutting down and abandoning module StatsViewer (207)
[2016.11.14-20.09.54:275][300]LogModuleManager: Shutting down and abandoning module FoliageEdit (206)
[2016.11.14-20.09.54:275][300]LogModuleManager: Shutting down and abandoning module LandscapeEditor (205)
[2016.11.14-20.09.54:275][300]LogModuleManager: Shutting down and abandoning module SceneDepthPickerMode (204)
[2016.11.14-20.09.54:275][300]LogModuleManager: Shutting down and abandoning module ActorPickerMode (203)
[2016.11.14-20.09.54:275][300]LogModuleManager: Shutting down and abandoning module GeometryMode (202)
[2016.11.14-20.09.54:275][300]LogModuleManager: Shutting down and abandoning module TextureAlignMode (201)
[2016.11.14-20.09.54:275][300]LogModuleManager: Shutting down and abandoning module BspMode (200)
[2016.11.14-20.09.54:275][300]LogModuleManager: Shutting down and abandoning module HardwareSurvey (199)
[2016.11.14-20.09.54:275][300]LogModuleManager: Shutting down and abandoning module SequenceRecorderSections (198)
[2016.11.14-20.09.54:275][300]LogModuleManager: Shutting down and abandoning module SequenceRecorder (197)
[2016.11.14-20.09.54:275][300]LogModuleManager: Shutting down and abandoning module AutomationWorker (196)
[2016.11.14-20.09.54:275][300]LogModuleManager: Shutting down and abandoning module MatineeToLevelSequence (195)
[2016.11.14-20.09.54:275][300]LogModuleManager: Shutting down and abandoning module PlacementMode (194)
[2016.11.14-20.09.54:275][300]LogModuleManager: Shutting down and abandoning module LevelSequenceEditor (193)
[2016.11.14-20.09.54:275][300]LogModuleManager: Shutting down and abandoning module CharacterAI (192)
[2016.11.14-20.09.54:275][300]LogModuleManager: Shutting down and abandoning module SmartSnapping (191)
[2016.11.14-20.09.54:275][300]LogModuleManager: Shutting down and abandoning module SessionServices (190)
[2016.11.14-20.09.54:275][300]LogModuleManager: Shutting down and abandoning module ViewportSnapping (189)
[2016.11.14-20.09.54:275][300]LogModuleManager: Shutting down and abandoning module LogVisualizer (188)
[2016.11.14-20.09.54:276][300]LogModuleManager: Shutting down and abandoning module GameProjectGeneration (187)
[2016.11.14-20.09.54:276][300]LogModuleManager: Shutting down and abandoning module IntroTutorials (186)
[2016.11.14-20.09.54:276][300]LogModuleManager: Shutting down and abandoning module EditorLiveStreaming (185)
[2016.11.14-20.09.54:276][300]LogModuleManager: Shutting down and abandoning module IOSPlatformEditor (184)
[2016.11.14-20.09.54:276][300]LogModuleManager: Shutting down and abandoning module HTML5PlatformEditor (183)
[2016.11.14-20.09.54:276][300]LogModuleManager: Shutting down and abandoning module AndroidDeviceDetection (182)
[2016.11.14-20.09.54:812][300]LogModuleManager: Shutting down and abandoning module AndroidPlatformEditor (181)
[2016.11.14-20.09.54:812][300]LogModuleManager: Shutting down and abandoning module IOSRuntimeSettings (180)
[2016.11.14-20.09.54:812][300]LogModuleManager: Shutting down and abandoning module AndroidRuntimeSettings (179)
[2016.11.14-20.09.54:812][300]LogModuleManager: Shutting down and abandoning module MergeActors (178)
[2016.11.14-20.09.54:812][300]LogModuleManager: Shutting down and abandoning module SizeMap (177)
[2016.11.14-20.09.54:812][300]LogModuleManager: Shutting down and abandoning module TreeMap (176)
[2016.11.14-20.09.54:812][300]LogModuleManager: Shutting down and abandoning module ReferenceViewer (175)
[2016.11.14-20.09.54:812][300]LogModuleManager: Shutting down and abandoning module LocalizationService (174)
[2016.11.14-20.09.54:812][300]LogModuleManager: Shutting down and abandoning module LocalizationDashboard (173)
[2016.11.14-20.09.54:812][300]LogModuleManager: Shutting down and abandoning module HardwareTargeting (172)
[2016.11.14-20.09.54:812][300]LogModuleManager: Shutting down and abandoning module DeviceProfileEditor (171)
[2016.11.14-20.09.54:812][300]LogModuleManager: Shutting down and abandoning module UndoHistory (170)
[2016.11.14-20.09.54:812][300]LogModuleManager: Shutting down and abandoning module UserFeedback (169)
[2016.11.14-20.09.54:812][300]LogModuleManager: Shutting down and abandoning module XmlParser (168)
[2016.11.14-20.09.54:812][300]LogModuleManager: Shutting down and abandoning module Blutility (167)
[2016.11.14-20.09.54:812][300]LogModuleManager: Shutting down and abandoning module ProjectTargetPlatformEditor (166)
[2016.11.14-20.09.54:812][300]LogModuleManager: Shutting down and abandoning module ProjectSettingsViewer (165)
[2016.11.14-20.09.54:812][300]LogModuleManager: Shutting down and abandoning module InputBindingEditor (164)
[2016.11.14-20.09.54:813][300]LogModuleManager: Shutting down and abandoning module EditorSettingsViewer (163)
[2016.11.14-20.09.54:813][300]LogModuleManager: Shutting down and abandoning module SettingsEditor (162)
[2016.11.14-20.09.54:813][300]LogModuleManager: Shutting down and abandoning module ProjectLauncher (161)
[2016.11.14-20.09.54:813][300]LogModuleManager: Shutting down and abandoning module SessionFrontend (160)
[2016.11.14-20.09.54:813][300]LogModuleManager: Shutting down and abandoning module ProfilerClient (159)
[2016.11.14-20.09.54:813][300]LogModuleManager: Shutting down and abandoning module TargetDeviceServices (158)
[2016.11.14-20.09.54:813][300]LogModuleManager: Shutting down and abandoning module DeviceManager (157)
[2016.11.14-20.09.54:855][300]LogModuleManager: Shutting down and abandoning module AutomationController (156)
[2016.11.14-20.09.54:855][300]LogModuleManager: Shutting down and abandoning module AutomationWindow (155)
[2016.11.14-20.09.54:855][300]LogModuleManager: Shutting down and abandoning module Layers (154)
[2016.11.14-20.09.54:855][300]LogModuleManager: Shutting down and abandoning module ComponentVisualizers (153)
[2016.11.14-20.09.54:855][300]LogModuleManager: Shutting down and abandoning module DetailCustomizations (152)
[2016.11.14-20.09.54:855][300]LogModuleManager: Shutting down and abandoning module PackagesDialog (151)
[2016.11.14-20.09.54:855][300]LogModuleManager: Shutting down and abandoning module Persona (150)
[2016.11.14-20.09.54:855][300]LogModuleManager: Shutting down and abandoning module Kismet (149)
[2016.11.14-20.09.54:855][300]LogModuleManager: Shutting down and abandoning module GraphEditor (148)
[2016.11.14-20.09.54:855][300]LogModuleManager: Shutting down and abandoning module ClassViewer (147)
[2016.11.14-20.09.54:855][300]LogModuleManager: Shutting down and abandoning module Toolbox (146)
[2016.11.14-20.09.54:855][300]LogModuleManager: Shutting down and abandoning module ModuleUI (145)
[2016.11.14-20.09.54:855][300]LogModuleManager: Shutting down and abandoning module MovieSceneTools (144)
[2016.11.14-20.09.54:855][300]LogModuleManager: Shutting down and abandoning module OutputLog (143)
[2016.11.14-20.09.54:855][300]LogModuleManager: Shutting down and abandoning module GammaUI (142)
[2016.11.14-20.09.54:855][300]LogModuleManager: Shutting down and abandoning module Documentation (141)
[2016.11.14-20.09.54:855][300]LogModuleManager: Shutting down and abandoning module StreamingPauseRendering (140)
[2016.11.14-20.09.54:855][300]LogModuleManager: Shutting down and abandoning module AnalyticsET (139)
[2016.11.14-20.09.54:855][300]LogModuleManager: Shutting down and abandoning module Analytics (138)
[2016.11.14-20.09.54:855][300]LogModuleManager: Shutting down and abandoning module PortalServices (137)
[2016.11.14-20.09.54:855][300]LogModuleManager: Shutting down and abandoning module PortalRpc (136)
[2016.11.14-20.09.54:855][300]LogModuleManager: Shutting down and abandoning module MessagingRpc (135)
[2016.11.14-20.09.54:855][300]LogModuleManager: Shutting down and abandoning module GameplayDebugger (134)
[2016.11.14-20.09.54:855][300]LogModuleManager: Shutting down and abandoning module AITestSuite (133)
[2016.11.14-20.09.54:855][300]LogModuleManager: Shutting down and abandoning module AIModule (132)
[2016.11.14-20.09.54:855][300]LogModuleManager: Shutting down and abandoning module ProfilerService (131)
[2016.11.14-20.09.54:989][300]LogModuleManager: Shutting down and abandoning module TaskGraph (130)
[2016.11.14-20.09.54:989][300]LogModuleManager: Shutting down and abandoning module SlateRemote (129)
[2016.11.14-20.09.54:989][300]LogModuleManager: Shutting down and abandoning module SteamVRController (128)
[2016.11.14-20.09.54:989][300]LogModuleManager: Shutting down and abandoning module SteamVR (127)
[2016.11.14-20.09.54:989][300]LogModuleManager: Shutting down and abandoning module ProceduralMeshComponent (126)
[2016.11.14-20.09.54:989][300]LogModuleManager: Shutting down and abandoning module OculusLibrary (125)
[2016.11.14-20.09.54:989][300]LogModuleManager: Shutting down and abandoning module OculusInput (124)
[2016.11.14-20.09.54:989][300]LogModuleManager: Shutting down and abandoning module CustomMeshComponent (123)
[2016.11.14-20.09.54:989][300]LogModuleManager: Shutting down and abandoning module CableComponent (122)
[2016.11.14-20.09.54:989][300]LogModuleManager: Shutting down and abandoning module ArchVisCharacter (121)
[2016.11.14-20.09.54:989][300]LogModuleManager: Shutting down and abandoning module MediaPlayerEditor (120)
[2016.11.14-20.09.54:989][300]LogModuleManager: Shutting down and abandoning module DungeonArchitectEditor (119)
[2016.11.14-20.09.54:989][300]LogModuleManager: Shutting down and abandoning module HTML5Networking (118)
[2016.11.14-20.09.54:989][300]LogModuleManager: Shutting down and abandoning module SuperSearch (117)
[2016.11.14-20.09.54:989][300]LogModuleManager: Shutting down and abandoning module SuperSearchEditor (116)
[2016.11.14-20.09.54:989][300]LogModuleManager: Shutting down and abandoning module SpeedTreeImporter (115)
[2016.11.14-20.09.54:989][300]LogModuleManager: Shutting down and abandoning module PluginBrowser (114)
[2016.11.14-20.09.54:989][300]LogModuleManager: Shutting down and abandoning module EpicSurvey (113)
[2016.11.14-20.09.54:989][300]LogModuleManager: Shutting down and abandoning module DesktopPlatform (112)
[2016.11.14-20.09.54:989][300]LogModuleManager: Shutting down and abandoning module VisualStudioSourceCodeAccess (111)
[2016.11.14-20.09.54:989][300]LogModuleManager: Shutting down and abandoning module UObjectPlugin (110)
[2016.11.14-20.09.54:989][300]LogModuleManager: Shutting down and abandoning module SubversionSourceControl (109)
[2016.11.14-20.09.54:989][300]LogModuleManager: Shutting down and abandoning module PerforceSourceControl (108)
[2016.11.14-20.09.54:989][300]LogModuleManager: Shutting down and abandoning module SourceControl (107)
[2016.11.14-20.09.54:989][300]LogModuleManager: Shutting down and abandoning module GitSourceControl (106)
[2016.11.14-20.09.54:989][300]LogModuleManager: Shutting down and abandoning module LightPropagationVolumeEditor (105)
[2016.11.14-20.09.54:989][300]LogModuleManager: Shutting down and abandoning module PaperTiledImporter (104)
[2016.11.14-20.09.54:989][300]LogModuleManager: Shutting down and abandoning module PaperSpriteSheetImporter (103)
[2016.11.14-20.09.54:989][300]LogModuleManager: Shutting down and abandoning module MeshPaint (102)
[2016.11.14-20.09.54:989][300]LogModuleManager: Shutting down and abandoning module PixelInspectorModule (101)
[2016.11.14-20.09.54:989][300]LogModuleManager: Shutting down and abandoning module HotReload (100)
[2016.11.14-20.09.54:990][300]LogModuleManager: Shutting down and abandoning module MainFrame (99)
[2016.11.14-20.09.54:990][300]LogModuleManager: Shutting down and abandoning module LevelEditor (98)
[2016.11.14-20.09.54:990][300]LogModuleManager: Shutting down and abandoning module ContentBrowser (97)
[2016.11.14-20.09.54:992][300]LogModuleManager: Shutting down and abandoning module Paper2DEditor (96)
[2016.11.14-20.09.54:992][300]LogModuleManager: Shutting down and abandoning module UdpMessaging (95)
[2016.11.14-20.09.55:092][300]LogModuleManager: Shutting down and abandoning module DungeonArchitectRuntime (94)
[2016.11.14-20.09.55:092][300]LogModuleManager: Shutting down and abandoning module LightPropagationVolumeRuntime (93)
[2016.11.14-20.09.55:092][300]LogModuleManager: Shutting down and abandoning module Paper2D (92)
[2016.11.14-20.09.55:092][300]LogModuleManager: Shutting down and abandoning module WindowsMoviePlayer (91)
[2016.11.14-20.09.55:092][300]LogModuleManager: Shutting down and abandoning module Media (90)
[2016.11.14-20.09.55:092][300]LogModuleManager: Shutting down and abandoning module WmfMedia (89)
[2016.11.14-20.09.55:092][300]LogModuleManager: Shutting down and abandoning module MediaAssets (88)
[2016.11.14-20.09.55:092][300]LogModuleManager: Shutting down and abandoning module GameLiveStreaming (87)
[2016.11.14-20.09.55:092][300]LogModuleManager: Shutting down and abandoning module GameplayTagsEditor (86)
[2016.11.14-20.09.55:092][300]LogModuleManager: Shutting down and abandoning module OnlineBlueprintSupport (85)
[2016.11.14-20.09.55:092][300]LogModuleManager: Shutting down and abandoning module VREditor (84)
[2016.11.14-20.09.55:092][300]LogModuleManager: Shutting down and abandoning module GameplayTasksEditor (83)
[2016.11.14-20.09.55:092][300]LogModuleManager: Shutting down and abandoning module PropertyEditor (82)
[2016.11.14-20.09.55:092][300]LogModuleManager: Shutting down and abandoning module BehaviorTreeEditor (81)
[2016.11.14-20.09.55:093][300]LogModuleManager: Shutting down and abandoning module FunctionalTesting (80)
[2016.11.14-20.09.55:093][300]LogModuleManager: Shutting down and abandoning module CollisionAnalyzer (79)
[2016.11.14-20.09.55:093][300]LogModuleManager: Shutting down and abandoning module Sequencer (78)
[2016.11.14-20.09.55:093][300]LogModuleManager: Shutting down and abandoning module WorkspaceMenuStructure (77)
[2016.11.14-20.09.55:093][300]LogModuleManager: Shutting down and abandoning module MessageLog (76)
[2016.11.14-20.09.55:093][300]LogModuleManager: Shutting down and abandoning module AssetTools (75)
[2016.11.14-20.09.55:093][300]LogModuleManager: Shutting down and abandoning module UMGEditor (74)
[2016.11.14-20.09.55:093][300]LogModuleManager: Shutting down and abandoning module UMG (73)
[2016.11.14-20.09.55:093][300]LogModuleManager: Shutting down and abandoning module SlateReflector (72)
[2016.11.14-20.09.55:093][300]LogModuleManager: Shutting down and abandoning module Slate (71)
[2016.11.14-20.09.55:093][300]LogModuleManager: Shutting down and abandoning module EditorStyle (70)
[2016.11.14-20.09.55:096][300]LogModuleManager: Shutting down and abandoning module SourceCodeAccess (69)
[2016.11.14-20.09.55:096][300]LogModuleManager: Shutting down and abandoning module HeadMountedDisplay (68)
[2016.11.14-20.09.55:096][300]LogModuleManager: Shutting down and abandoning module XAudio2 (67)
[2016.11.14-20.09.55:096][300]LogModuleManager: Shutting down and abandoning module Networking (65)
[2016.11.14-20.09.55:096][300]LogModuleManager: Shutting down and abandoning module Core (64)
[2016.11.14-20.09.55:096][300]LogModuleManager: Shutting down and abandoning module DirectoryWatcher (63)
[2016.11.14-20.09.55:097][300]LogModuleManager: Shutting down and abandoning module AssetRegistry (62)
[2016.11.14-20.09.55:293][300]LogModuleManager: Shutting down and abandoning module KismetCompiler (61)
[2016.11.14-20.09.55:293][300]LogModuleManager: Shutting down and abandoning module PhysXFormats (60)
[2016.11.14-20.09.55:293][300]LogModuleManager: Shutting down and abandoning module MeshUtilities (59)
[2016.11.14-20.09.55:293][300]LogModuleManager: Shutting down and abandoning module DerivedDataCache (58)
[2016.11.14-20.09.55:319][300]LogDerivedDataCache: Shutdown
[2016.11.14-20.09.55:319][300]LogModuleManager: Shutting down and abandoning module VulkanShaderFormat (57)
[2016.11.14-20.09.55:319][300]LogModuleManager: Shutting down and abandoning module ShaderFormatOpenGL (56)
[2016.11.14-20.09.55:319][300]LogModuleManager: Shutting down and abandoning module ShaderFormatD3D (55)
[2016.11.14-20.09.55:319][300]LogModuleManager: Shutting down and abandoning module MetalShaderFormat (54)
[2016.11.14-20.09.55:319][300]LogModuleManager: Shutting down and abandoning module TextureFormatUncompressed (53)
[2016.11.14-20.09.55:319][300]LogModuleManager: Shutting down and abandoning module TextureFormatPVR (52)
[2016.11.14-20.09.55:319][300]LogModuleManager: Shutting down and abandoning module TextureFormatIntelISPCTexComp (51)
[2016.11.14-20.09.55:319][300]LogModuleManager: Shutting down and abandoning module TextureFormatDXT (50)
[2016.11.14-20.09.55:319][300]LogModuleManager: Shutting down and abandoning module ImageWrapper (49)
[2016.11.14-20.09.55:319][300]LogModuleManager: Shutting down and abandoning module TextureFormatASTC (48)
[2016.11.14-20.09.55:319][300]LogModuleManager: Shutting down and abandoning module TextureFormatAndroid (47)
[2016.11.14-20.09.55:319][300]LogModuleManager: Shutting down and abandoning module AudioFormatOpus (46)
[2016.11.14-20.09.55:319][300]LogModuleManager: Shutting down and abandoning module AudioFormatOgg (45)
[2016.11.14-20.09.55:319][300]LogModuleManager: Shutting down and abandoning module AudioFormatADPCM (44)
[2016.11.14-20.09.55:319][300]LogModuleManager: Shutting down and abandoning module LinuxTargetPlatform (43)
[2016.11.14-20.09.55:319][300]LogModuleManager: Shutting down and abandoning module LinuxServerTargetPlatform (42)
[2016.11.14-20.09.55:319][300]LogModuleManager: Shutting down and abandoning module LinuxNoEditorTargetPlatform (41)
[2016.11.14-20.09.55:319][300]LogModuleManager: Shutting down and abandoning module TVOSTargetPlatform (40)
[2016.11.14-20.09.55:319][300]LogModuleManager: Shutting down and abandoning module Messaging (39)
[2016.11.14-20.09.55:319][300]LogModuleManager: Shutting down and abandoning module IOSTargetPlatform (38)
[2016.11.14-20.09.55:319][300]LogModuleManager: Shutting down and abandoning module HTML5TargetPlatform (37)
[2016.11.14-20.09.55:319][300]LogModuleManager: Shutting down and abandoning module Android_PVRTCTargetPlatform (36)
[2016.11.14-20.09.55:319][300]LogModuleManager: Shutting down and abandoning module Android_MultiTargetPlatform (35)
[2016.11.14-20.09.55:319][300]LogModuleManager: Shutting down and abandoning module Android_ETC2TargetPlatform (34)
[2016.11.14-20.09.55:319][300]LogModuleManager: Shutting down and abandoning module Android_ETC1TargetPlatform (33)
[2016.11.14-20.09.55:319][300]LogModuleManager: Shutting down and abandoning module Android_DXTTargetPlatform (32)
[2016.11.14-20.09.55:319][300]LogModuleManager: Shutting down and abandoning module Android_ATCTargetPlatform (31)
[2016.11.14-20.09.55:319][300]LogModuleManager: Shutting down and abandoning module Android_ASTCTargetPlatform (30)
[2016.11.14-20.09.55:319][300]LogModuleManager: Shutting down and abandoning module AndroidTargetPlatform (29)
[2016.11.14-20.09.55:319][300]LogModuleManager: Shutting down and abandoning module WindowsTargetPlatform (28)
[2016.11.14-20.09.55:319][300]LogModuleManager: Shutting down and abandoning module WindowsServerTargetPlatform (27)
[2016.11.14-20.09.55:319][300]LogModuleManager: Shutting down and abandoning module WindowsNoEditorTargetPlatform (26)
[2016.11.14-20.09.55:319][300]LogModuleManager: Shutting down and abandoning module WindowsClientTargetPlatform (25)
[2016.11.14-20.09.55:319][300]LogModuleManager: Shutting down and abandoning module AllDesktopTargetPlatform (24)
[2016.11.14-20.09.55:319][300]LogModuleManager: Shutting down and abandoning module TargetPlatform (23)
[2016.11.14-20.09.55:319][300]LogModuleManager: Shutting down and abandoning module InputCore (22)
[2016.11.14-20.09.55:319][300]LogModuleManager: Shutting down and abandoning module Settings (21)
[2016.11.14-20.09.55:319][300]LogModuleManager: Shutting down and abandoning module OnlineSubsystem (19)
[2016.11.14-20.09.55:319][300]LogModuleManager: Shutting down and abandoning module HTTP (18)
[2016.11.14-20.09.59:827][300]LogModuleManager: Shutting down and abandoning module XMPP (17)
[2016.11.14-20.09.59:827][300]LogModuleManager: Shutting down and abandoning module OculusRift (16)
[2016.11.14-20.09.59:827][300]LogHMD: Oculus shutdown.
[2016.11.14-20.09.59:827][300]LogModuleManager: Shutting down and abandoning module ExampleDeviceProfileSelector (15)
[2016.11.14-20.09.59:827][300]LogModuleManager: Shutting down and abandoning module TextureCompressor (14)
[2016.11.14-20.09.59:827][300]LogModuleManager: Shutting down and abandoning module ShaderCore (13)
[2016.11.14-20.09.59:827][300]LogModuleManager: Shutting down and abandoning module Landscape (12)
[2016.11.14-20.09.59:827][300]LogModuleManager: Shutting down and abandoning module SlateRHIRenderer (11)
[2016.11.14-20.09.59:828][300]LogModuleManager: Shutting down and abandoning module OpenGLDrv (10)
[2016.11.14-20.09.59:828][300]LogModuleManager: Shutting down and abandoning module D3D11RHI (9)
[2016.11.14-20.09.59:828][300]LogModuleManager: Shutting down and abandoning module AnimGraphRuntime (8)
[2016.11.14-20.09.59:828][300]LogModuleManager: Shutting down and abandoning module Renderer (7)
[2016.11.14-20.09.59:828][300]LogModuleManager: Shutting down and abandoning module Engine (6)
[2016.11.14-20.09.59:828][300]LogModuleManager: Shutting down and abandoning module CoreUObject (5)
[2016.11.14-20.09.59:828][300]LogModuleManager: Shutting down and abandoning module NetworkFile (4)
[2016.11.14-20.09.59:828][300]LogModuleManager: Shutting down and abandoning module StreamingFile (3)
[2016.11.14-20.09.59:828][300]LogModuleManager: Shutting down and abandoning module SandboxFile (2)
[2016.11.14-20.09.59:829][300]LogModuleManager: Shutting down and abandoning module PakFile (1)
[2016.11.14-20.09.59:830][300]LogExit: Exiting.
[2016.11.14-20.09.59:832][300]Log file closed, 11/14/16 15:09:59
